TN:
SF:backend\config\auth.config.ts
FNF:0
FNH:0
DA:1,5
LF:1
LH:1
BRF:0
BRH:0
end_of_record
TN:
SF:backend\controllers\application.controller.ts
FN:7,(anonymous_7)
FN:7,(anonymous_8)
FN:12,(anonymous_9)
FN:18,(anonymous_10)
FN:33,(anonymous_11)
FN:50,(anonymous_12)
FN:69,(anonymous_13)
FN:69,(anonymous_14)
FN:75,(anonymous_15)
FN:95,(anonymous_16)
FN:95,(anonymous_17)
FN:96,(anonymous_18)
FN:104,(anonymous_19)
FN:114,(anonymous_20)
FN:129,(anonymous_21)
FN:129,(anonymous_22)
FN:130,(anonymous_23)
FN:138,(anonymous_24)
FN:148,(anonymous_25)
FN:163,(anonymous_26)
FN:163,(anonymous_27)
FN:172,(anonymous_28)
FNF:22
FNH:0
FNDA:0,(anonymous_7)
FNDA:0,(anonymous_8)
FNDA:0,(anonymous_9)
FNDA:0,(anonymous_10)
FNDA:0,(anonymous_11)
FNDA:0,(anonymous_12)
FNDA:0,(anonymous_13)
FNDA:0,(anonymous_14)
FNDA:0,(anonymous_15)
FNDA:0,(anonymous_16)
FNDA:0,(anonymous_17)
FNDA:0,(anonymous_18)
FNDA:0,(anonymous_19)
FNDA:0,(anonymous_20)
FNDA:0,(anonymous_21)
FNDA:0,(anonymous_22)
FNDA:0,(anonymous_23)
FNDA:0,(anonymous_24)
FNDA:0,(anonymous_25)
FNDA:0,(anonymous_26)
FNDA:0,(anonymous_27)
FNDA:0,(anonymous_28)
DA:1,4
DA:2,4
DA:3,4
DA:4,4
DA:5,4
DA:7,4
DA:8,0
DA:10,0
DA:12,0
DA:13,0
DA:14,0
DA:15,0
DA:18,0
DA:19,0
DA:20,0
DA:21,0
DA:24,0
DA:25,0
DA:29,0
DA:31,0
DA:33,0
DA:34,0
DA:35,0
DA:36,0
DA:39,0
DA:40,0
DA:44,0
DA:46,0
DA:47,0
DA:48,0
DA:50,0
DA:51,0
DA:52,0
DA:53,0
DA:56,0
DA:69,4
DA:70,0
DA:76,0
DA:77,0
DA:78,0
DA:81,0
DA:82,0
DA:85,0
DA:95,4
DA:96,0
DA:97,0
DA:98,0
DA:101,0
DA:105,0
DA:106,0
DA:107,0
DA:109,0
DA:110,0
DA:111,0
DA:114,0
DA:115,0
DA:124,0
DA:129,4
DA:130,0
DA:131,0
DA:132,0
DA:135,0
DA:139,0
DA:140,0
DA:141,0
DA:143,0
DA:144,0
DA:145,0
DA:148,0
DA:149,0
DA:158,0
DA:163,4
DA:164,0
DA:166,0
DA:173,0
DA:174,0
DA:175,0
DA:178,0
DA:179,0
DA:182,0
DA:186,4
LF:81
LH:11
BRDA:13,0,0,0
BRDA:19,1,0,0
BRDA:24,2,0,0
BRDA:34,3,0,0
BRDA:39,4,0,0
BRDA:51,5,0,0
BRDA:76,6,0,0
BRDA:81,7,0,0
BRDA:97,8,0,0
BRDA:105,9,0,0
BRDA:110,10,0,0
BRDA:131,11,0,0
BRDA:139,12,0,0
BRDA:144,13,0,0
BRDA:173,14,0,0
BRDA:178,15,0,0
BRF:16
BRH:0
end_of_record
TN:
SF:backend\controllers\auth.controller.ts
FN:9,(anonymous_7)
FN:9,(anonymous_8)
FN:20,(anonymous_9)
FN:26,(anonymous_10)
FN:32,(anonymous_11)
FN:40,(anonymous_12)
FN:61,(anonymous_13)
FN:61,(anonymous_14)
FN:66,(anonymous_15)
FN:108,(anonymous_16)
FN:108,(anonymous_17)
FN:117,(anonymous_18)
FNF:12
FNH:11
FNDA:1,(anonymous_7)
FNDA:1,(anonymous_8)
FNDA:1,(anonymous_9)
FNDA:1,(anonymous_10)
FNDA:0,(anonymous_11)
FNDA:1,(anonymous_12)
FNDA:3,(anonymous_13)
FNDA:3,(anonymous_14)
FNDA:3,(anonymous_15)
FNDA:1,(anonymous_16)
FNDA:1,(anonymous_17)
FNDA:1,(anonymous_18)
DA:1,4
DA:2,4
DA:3,4
DA:4,4
DA:6,4
DA:7,4
DA:9,4
DA:10,1
DA:11,1
DA:12,1
DA:20,1
DA:21,1
DA:22,0
DA:23,0
DA:26,1
DA:27,1
DA:28,0
DA:29,0
DA:32,1
DA:34,1
DA:36,1
DA:37,0
DA:40,1
DA:41,1
DA:42,0
DA:43,0
DA:46,1
DA:61,4
DA:62,3
DA:67,3
DA:68,0
DA:69,0
DA:72,3
DA:73,3
DA:76,0
DA:81,0
DA:82,0
DA:85,0
DA:87,0
DA:89,0
DA:90,0
DA:93,0
DA:95,0
DA:108,4
DA:109,1
DA:110,1
DA:111,1
DA:113,0
DA:117,4
DA:118,1
DA:123,4
LF:51
LH:32
BRDA:21,0,0,0
BRDA:27,1,0,0
BRDA:41,2,0,0
BRDA:67,3,0,0
BRDA:72,4,0,3
BRDA:81,5,0,0
BRF:6
BRH:1
end_of_record
TN:
SF:backend\controllers\job-controller.ts
FN:5,(anonymous_7)
FN:5,(anonymous_8)
FN:15,(anonymous_9)
FN:32,(anonymous_10)
FN:32,(anonymous_11)
FN:35,(anonymous_12)
FN:56,(anonymous_13)
FN:56,(anonymous_14)
FN:59,(anonymous_15)
FN:73,(anonymous_16)
FN:73,(anonymous_17)
FN:85,(anonymous_18)
FN:98,(anonymous_19)
FN:98,(anonymous_20)
FN:99,(anonymous_21)
FN:99,(anonymous_22)
FN:110,(anonymous_23)
FN:117,(anonymous_24)
FNF:18
FNH:0
FNDA:0,(anonymous_7)
FNDA:0,(anonymous_8)
FNDA:0,(anonymous_9)
FNDA:0,(anonymous_10)
FNDA:0,(anonymous_11)
FNDA:0,(anonymous_12)
FNDA:0,(anonymous_13)
FNDA:0,(anonymous_14)
FNDA:0,(anonymous_15)
FNDA:0,(anonymous_16)
FNDA:0,(anonymous_17)
FNDA:0,(anonymous_18)
FNDA:0,(anonymous_19)
FNDA:0,(anonymous_20)
FNDA:0,(anonymous_21)
FNDA:0,(anonymous_22)
FNDA:0,(anonymous_23)
FNDA:0,(anonymous_24)
DA:1,4
DA:2,4
DA:3,4
DA:5,4
DA:6,0
DA:7,0
DA:15,0
DA:16,0
DA:17,0
DA:18,0
DA:21,0
DA:32,4
DA:33,0
DA:36,0
DA:37,0
DA:38,0
DA:41,0
DA:42,0
DA:45,0
DA:56,4
DA:57,0
DA:60,0
DA:61,0
DA:62,0
DA:65,0
DA:66,0
DA:69,0
DA:73,4
DA:74,0
DA:76,0
DA:86,0
DA:87,0
DA:88,0
DA:90,0
DA:91,0
DA:94,0
DA:98,4
DA:99,0
DA:100,0
DA:101,0
DA:102,0
DA:105,0
DA:106,0
DA:107,0
DA:110,0
DA:111,0
DA:112,0
DA:113,0
DA:117,0
DA:118,0
DA:119,0
DA:120,0
DA:123,0
DA:128,4
LF:54
LH:9
BRDA:16,0,0,0
BRDA:36,1,0,0
BRDA:41,2,0,0
BRDA:60,3,0,0
BRDA:65,4,0,0
BRDA:86,5,0,0
BRDA:90,6,0,0
BRDA:100,7,0,0
BRDA:105,8,0,0
BRDA:111,9,0,0
BRDA:118,10,0,0
BRF:11
BRH:0
end_of_record
TN:
SF:backend\controllers\resume.controller.ts
FN:11,(anonymous_7)
FN:11,(anonymous_8)
FN:14,(anonymous_9)
FN:24,(anonymous_10)
FN:39,(anonymous_11)
FN:44,(anonymous_12)
FN:51,(anonymous_13)
FN:52,(anonymous_14)
FN:63,(anonymous_15)
FN:63,(anonymous_16)
FN:69,(anonymous_17)
FN:85,(anonymous_18)
FN:93,(anonymous_19)
FN:93,(anonymous_20)
FN:96,(anonymous_21)
FN:106,(anonymous_22)
FNF:16
FNH:0
FNDA:0,(anonymous_7)
FNDA:0,(anonymous_8)
FNDA:0,(anonymous_9)
FNDA:0,(anonymous_10)
FNDA:0,(anonymous_11)
FNDA:0,(anonymous_12)
FNDA:0,(anonymous_13)
FNDA:0,(anonymous_14)
FNDA:0,(anonymous_15)
FNDA:0,(anonymous_16)
FNDA:0,(anonymous_17)
FNDA:0,(anonymous_18)
FNDA:0,(anonymous_19)
FNDA:0,(anonymous_20)
FNDA:0,(anonymous_21)
FNDA:0,(anonymous_22)
DA:1,4
DA:7,4
DA:8,4
DA:9,4
DA:11,4
DA:12,0
DA:14,0
DA:15,0
DA:16,0
DA:17,0
DA:20,0
DA:21,0
DA:24,0
DA:25,0
DA:26,0
DA:27,0
DA:30,0
DA:31,0
DA:33,0
DA:34,0
DA:39,0
DA:40,0
DA:41,0
DA:42,0
DA:44,0
DA:45,0
DA:51,0
DA:52,0
DA:53,0
DA:54,0
DA:63,4
DA:64,0
DA:65,0
DA:69,0
DA:70,0
DA:71,0
DA:72,0
DA:75,0
DA:76,0
DA:79,0
DA:81,0
DA:83,0
DA:85,0
DA:86,0
DA:93,4
DA:94,0
DA:96,0
DA:97,0
DA:98,0
DA:99,0
DA:102,0
DA:103,0
DA:106,0
DA:107,0
DA:108,0
DA:109,0
DA:112,0
DA:119,4
LF:58
LH:8
BRDA:15,0,0,0
BRDA:20,1,0,0
BRDA:25,2,0,0
BRDA:33,3,0,0
BRDA:33,3,1,0
BRDA:40,4,0,0
BRDA:70,5,0,0
BRDA:75,6,0,0
BRDA:97,7,0,0
BRDA:102,8,0,0
BRDA:107,9,0,0
BRF:11
BRH:0
end_of_record
TN:
SF:backend\controllers\user-info.controller.ts
FN:4,(anonymous_7)
FN:4,(anonymous_8)
FN:9,(anonymous_9)
FN:30,(anonymous_10)
FN:30,(anonymous_11)
FN:44,(anonymous_12)
FN:66,(anonymous_13)
FN:66,(anonymous_14)
FNF:8
FNH:0
FNDA:0,(anonymous_7)
FNDA:0,(anonymous_8)
FNDA:0,(anonymous_9)
FNDA:0,(anonymous_10)
FNDA:0,(anonymous_11)
FNDA:0,(anonymous_12)
FNDA:0,(anonymous_13)
FNDA:0,(anonymous_14)
DA:1,4
DA:2,4
DA:4,4
DA:5,0
DA:10,0
DA:11,0
DA:12,0
DA:15,0
DA:16,0
DA:19,0
DA:30,4
DA:31,0
DA:33,0
DA:45,0
DA:46,0
DA:47,0
DA:50,0
DA:51,0
DA:54,0
DA:66,4
DA:67,0
DA:72,4
LF:22
LH:6
BRDA:10,0,0,0
BRDA:15,1,0,0
BRDA:45,2,0,0
BRDA:50,3,0,0
BRF:4
BRH:0
end_of_record
TN:
SF:backend\middleware\VerifyJWT.ts
FN:7,(anonymous_0)
FN:14,(anonymous_1)
FN:23,(anonymous_2)
FN:24,(anonymous_3)
FN:34,(anonymous_4)
FN:54,(anonymous_5)
FN:55,(anonymous_6)
FN:65,(anonymous_7)
FNF:8
FNH:1
FNDA:1,(anonymous_0)
FNDA:0,(anonymous_1)
FNDA:0,(anonymous_2)
FNDA:0,(anonymous_3)
FNDA:0,(anonymous_4)
FNDA:0,(anonymous_5)
FNDA:0,(anonymous_6)
FNDA:0,(anonymous_7)
DA:1,5
DA:2,5
DA:3,5
DA:4,5
DA:5,5
DA:7,5
DA:8,1
DA:10,1
DA:11,1
DA:14,0
DA:15,0
DA:16,0
DA:18,0
DA:19,0
DA:23,5
DA:24,0
DA:25,0
DA:26,0
DA:27,0
DA:30,0
DA:35,0
DA:36,0
DA:37,0
DA:40,0
DA:41,0
DA:42,0
DA:43,0
DA:47,0
DA:48,0
DA:54,5
DA:55,0
DA:56,0
DA:57,0
DA:58,0
DA:61,0
DA:66,0
DA:67,0
DA:68,0
DA:71,0
DA:72,0
DA:73,0
DA:74,0
DA:78,0
DA:79,0
DA:85,5
DA:91,5
LF:46
LH:13
BRDA:10,0,0,1
BRDA:15,1,0,0
BRDA:25,2,0,0
BRDA:35,3,0,0
BRDA:41,4,0,0
BRDA:56,5,0,0
BRDA:66,6,0,0
BRDA:72,7,0,0
BRF:8
BRH:1
end_of_record
TN:
SF:backend\middleware\errorMiddleware.ts
FN:1,(anonymous_0)
FNF:1
FNH:1
FNDA:1,(anonymous_0)
DA:1,5
DA:2,1
DA:3,1
DA:5,1
DA:11,5
DA:12,5
LF:6
LH:6
BRDA:2,0,0,0
BRDA:2,0,1,1
BRDA:2,1,0,1
BRDA:2,1,1,1
BRDA:7,2,0,0
BRDA:7,2,1,1
BRF:6
BRH:4
end_of_record
TN:
SF:backend\middleware\verifyRegistration.ts
FN:6,(anonymous_0)
FN:9,(anonymous_1)
FN:24,(anonymous_2)
FN:26,(anonymous_3)
FNF:4
FNH:3
FNDA:1,(anonymous_0)
FNDA:1,(anonymous_1)
FNDA:1,(anonymous_2)
FNDA:0,(anonymous_3)
DA:1,4
DA:3,4
DA:4,4
DA:6,4
DA:7,1
DA:10,1
DA:11,0
DA:12,0
DA:15,1
DA:16,0
DA:17,0
DA:20,1
DA:24,4
DA:25,1
DA:26,0
DA:27,0
DA:28,0
DA:32,0
DA:37,1
DA:40,4
DA:41,4
LF:21
LH:13
BRDA:10,0,0,0
BRDA:15,1,0,0
BRDA:25,2,0,0
BRDA:27,3,0,0
BRF:4
BRH:0
end_of_record
TN:
SF:backend\models\application.model.ts
FN:22,(anonymous_0)
FN:30,(anonymous_1)
FN:34,(anonymous_2)
FNF:3
FNH:0
FNDA:0,(anonymous_0)
FNDA:0,(anonymous_1)
FNDA:0,(anonymous_2)
DA:1,5
DA:2,5
DA:4,5
DA:22,5
DA:23,0
DA:24,0
DA:31,0
DA:32,0
DA:35,0
DA:36,0
DA:40,5
DA:45,5
LF:12
LH:6
BRF:0
BRH:0
end_of_record
TN:
SF:backend\models\counter.model.ts
FNF:0
FNH:0
DA:1,5
DA:3,5
DA:8,5
LF:3
LH:3
BRF:0
BRH:0
end_of_record
TN:
SF:backend\models\index.ts
FN:15,initial
FN:16,(anonymous_1)
FN:18,(anonymous_2)
FN:21,(anonymous_3)
FNF:4
FNH:0
FNDA:0,initial
FNDA:0,(anonymous_1)
FNDA:0,(anonymous_2)
FNDA:0,(anonymous_3)
DA:1,5
DA:3,5
DA:4,5
DA:6,5
DA:7,5
DA:8,5
DA:9,5
DA:10,5
DA:11,5
DA:13,5
DA:16,0
DA:17,0
DA:18,0
DA:19,0
DA:22,0
DA:23,0
DA:26,0
DA:33,5
DA:45,5
LF:19
LH:12
BRDA:17,0,0,0
BRDA:17,1,0,0
BRDA:17,1,1,0
BRDA:22,2,0,0
BRF:4
BRH:0
end_of_record
TN:
SF:backend\models\job.model.ts
FN:17,(anonymous_0)
FN:25,(anonymous_1)
FN:29,(anonymous_2)
FNF:3
FNH:0
FNDA:0,(anonymous_0)
FNDA:0,(anonymous_1)
FNDA:0,(anonymous_2)
DA:1,5
DA:2,5
DA:4,5
DA:17,5
DA:18,0
DA:19,0
DA:26,0
DA:27,0
DA:30,0
DA:31,0
DA:35,5
DA:37,5
LF:12
LH:6
BRF:0
BRH:0
end_of_record
TN:
SF:backend\models\resume.model.ts
FNF:0
FNH:0
DA:1,5
DA:3,5
DA:11,5
DA:13,5
LF:4
LH:4
BRF:0
BRH:0
end_of_record
TN:
SF:backend\models\role.model.ts
FNF:0
FNH:0
DA:1,5
DA:3,5
DA:10,5
LF:3
LH:3
BRF:0
BRH:0
end_of_record
TN:
SF:backend\models\user.model.ts
FN:19,(anonymous_0)
FN:27,(anonymous_1)
FN:31,(anonymous_2)
FNF:3
FNH:2
FNDA:2,(anonymous_0)
FNDA:2,(anonymous_1)
FNDA:0,(anonymous_2)
DA:1,5
DA:2,5
DA:4,5
DA:19,5
DA:20,2
DA:21,2
DA:28,2
DA:29,2
DA:32,0
DA:33,0
DA:37,5
DA:39,5
LF:12
LH:10
BRF:0
BRH:0
end_of_record
TN:
SF:backend\routes\application.routes.ts
FN:4,(anonymous_0)
FNF:1
FNH:1
FNDA:4,(anonymous_0)
DA:1,4
DA:2,4
DA:4,4
DA:5,4
DA:11,4
DA:17,4
DA:23,4
DA:29,4
LF:8
LH:8
BRF:0
BRH:0
end_of_record
TN:
SF:backend\routes\auth.routes.ts
FN:4,(anonymous_0)
FN:5,(anonymous_1)
FNF:2
FNH:2
FNDA:4,(anonymous_0)
FNDA:7,(anonymous_1)
DA:1,4
DA:2,4
DA:4,4
DA:5,4
DA:6,7
DA:7,7
DA:10,4
DA:16,4
DA:18,4
LF:9
LH:9
BRF:0
BRH:0
end_of_record
TN:
SF:backend\routes\job.routes.ts
FN:4,(anonymous_0)
FNF:1
FNH:1
FNDA:4,(anonymous_0)
DA:1,4
DA:2,4
DA:4,4
DA:5,4
DA:7,4
DA:9,4
DA:11,4
DA:13,4
LF:8
LH:8
BRF:0
BRH:0
end_of_record
TN:
SF:backend\routes\resume.routes.ts
FN:4,(anonymous_0)
FNF:1
FNH:1
FNDA:4,(anonymous_0)
DA:1,4
DA:2,4
DA:4,4
DA:5,4
DA:11,4
DA:17,4
LF:6
LH:6
BRF:0
BRH:0
end_of_record
TN:
SF:backend\routes\user-info.routes.ts
FN:4,(anonymous_0)
FNF:1
FNH:1
FNDA:4,(anonymous_0)
DA:1,4
DA:2,4
DA:4,4
DA:5,4
DA:11,4
DA:17,4
LF:6
LH:6
BRF:0
BRH:0
end_of_record
TN:
SF:backend\utils\app.ts
FN:7,createServer
FNF:1
FNH:1
FNDA:4,createServer
DA:1,4
DA:2,4
DA:3,4
DA:4,4
DA:5,4
DA:8,4
DA:10,4
DA:11,4
DA:13,4
DA:21,4
DA:24,4
DA:25,4
DA:26,4
DA:27,4
DA:28,4
DA:30,4
DA:33,4
LF:17
LH:17
BRF:0
BRH:0
end_of_record
